<?xml version="1.0" encoding="UTF-8"?>
<testsuite xmlns:xsi="http://www.w3.org/2001/XMLSchema-instance" xsi:noNamespaceSchemaLocation="https://maven.apache.org/surefire/maven-surefire-plugin/xsd/surefire-test-report.xsd" name="com.example.demo.SpringRedisCrudApplicationTests" time="29.457" tests="5" errors="0" skipped="0" failures="0">
  <properties>
[...]
</properties>
  <testcase name="testAddCustomerAccount" classname="com.example.demo.SpringRedisCrudApplicationTests" time="4.54"/>
  <testcase name="testGetAllCustomerAccount" classname="com.example.demo.SpringRedisCrudApplicationTests" time="2.053"/>
  <testcase name="testDeleteCustomerAccount" classname="com.example.demo.SpringRedisCrudApplicationTests" time="8.135"/>
  <testcase name="testUpdateCustomerAccount" classname="com.example.demo.SpringRedisCrudApplicationTests" time="1.999"/>
  <testcase name="testGetCustomerAccountById" classname="com.example.demo.SpringRedisCrudApplicationTests" time="2.052"/>
</testsuite>